<?xml version="1.0" encoding="UTF-8"?>
<!-- Generated by org.testng.reporters.JUnitXMLReporter -->
<testsuite ignored="0" hostname="DESKTOP-BG83L86" failures="0" tests="4" name="Test" time="9.874" errors="0" timestamp="2024-12-22T15:53:17 IST">
  <testcase classname="com.ui.tests.LoginTests" name="verifyLoginWithInvalidData" time="2.344"/>
  <testcase classname="com.ui.tests.LoginTests" name="verifyLoginWithInvalidData" time="0.838"/>
  <testcase classname="com.ui.tests.LoginTests" name="verifyLoginWithInvalidData" time="5.703"/>
  <testcase classname="com.ui.tests.LoginTests" name="verifyLoginWithValidData" time="0.822"/>
</testsuite> <!-- Test -->
