<?xml version="1.0" encoding="UTF-8"?>
<!-- Generated by org.testng.reporters.JUnitXMLReporter -->
<testsuite ignored="0" hostname="DESKTOP-BG83L86" failures="0" tests="4" name="Test" time="24.64" errors="0" timestamp="2024-12-30T22:53:19 IST">
  <testcase classname="com.ui.tests.LoginTests" name="verifyLoginWithInvalidData" time="0.777"/>
  <testcase classname="com.ui.tests.LoginTests" name="verifyLoginWithMoreData" time="9.577"/>
  <testcase classname="com.ui.tests.LoginTests" name="verifyLoginWithMoreData" time="1.776"/>
  <testcase classname="com.ui.tests.LoginTests" name="verifyLoginWithMoreData" time="5.905"/>
</testsuite> <!-- Test -->
