<?xml version="1.0" encoding="UTF-8"?>
<!-- Generated by org.testng.reporters.JUnitXMLReporter -->
<testsuite ignored="0" hostname="DESKTOP-BG83L86" failures="0" tests="4" name="Test1" time="26.107" errors="0" timestamp="2024-12-30T22:53:46 IST">
  <testcase classname="com.ui.tests.LoginTests" name="verifyLoginWithInvalidData" time="0.727"/>
  <testcase classname="com.ui.tests.LoginTests" name="verifyLoginWithMoreData" time="10.04"/>
  <testcase classname="com.ui.tests.LoginTests" name="verifyLoginWithMoreData" time="0.627"/>
  <testcase classname="com.ui.tests.LoginTests" name="verifyLoginWithMoreData" time="5.851"/>
</testsuite> <!-- Test1 -->
