<?xml version="1.0" encoding="UTF-8"?>
<!-- Generated by org.testng.reporters.JUnitXMLReporter -->
<testsuite ignored="0" hostname="DESKTOP-BG83L86" failures="0" tests="4" name="Test" time="11.731" errors="0" timestamp="2024-12-22T16:03:31 IST">
  <testcase classname="com.ui.tests.LoginTests" name="verifyLoginWithInvalidData" time="4.174"/>
  <testcase classname="com.ui.tests.LoginTests" name="verifyLoginWithInvalidData" time="0.842"/>
  <testcase classname="com.ui.tests.LoginTests" name="verifyLoginWithInvalidData" time="5.788"/>
  <testcase classname="com.ui.tests.LoginTests" name="verifyLoginWithValidData" time="0.76"/>
</testsuite> <!-- Test -->
