<?xml version="1.0" encoding="UTF-8"?>
<testng-results ignored="0" total="2" passed="2" failed="0" skipped="0">
  <reporter-output>
  </reporter-output>
  <suite started-at="2024-12-22T15:40:40 IST" name="Suite" finished-at="2024-12-22T15:40:44 IST" duration-ms="3757">
    <groups>
    </groups>
    <test started-at="2024-12-22T15:40:40 IST" name="Test" finished-at="2024-12-22T15:40:44 IST" duration-ms="3757">
      <class name="com.ui.tests.LoginTests">
        <test-method is-config="true" signature="initializeDriver()[pri:0, instance:com.ui.tests.LoginTests@1fa268de]" started-at="2024-12-22T15:40:35 IST" name="initializeDriver" finished-at="2024-12-22T15:40:40 IST" duration-ms="4711" status="PASS">
          <reporter-output>
          </reporter-output>
        </test-method> <!-- initializeDriver -->
        <test-method is-config="true" signature="initializeDriverToPages()[pri:0, instance:com.ui.tests.LoginTests@1fa268de]" started-at="2024-12-22T15:40:40 IST" name="initializeDriverToPages" finished-at="2024-12-22T15:40:40 IST" duration-ms="15" status="PASS">
          <reporter-output>
          </reporter-output>
        </test-method> <!-- initializeDriverToPages -->
        <test-method is-config="true" signature="createExtentReportForEachTestMethod(org.testng.ITestResult)[pri:0, instance:com.ui.tests.LoginTests@1fa268de]" started-at="2024-12-22T15:40:40 IST" name="createExtentReportForEachTestMethod" finished-at="2024-12-22T15:40:40 IST" duration-ms="16" status="PASS">
          <params>
            <param index="0">
              <value>
                <![CDATA[[TestResult name={null} status=CREATED method=LoginTests.verifyLoginWithInvalidData()[pri:1, instance:com.ui.tests.LoginTests@1fa268de] output={null}]]]>
              </value>
            </param>
          </params>
          <reporter-output>
          </reporter-output>
        </test-method> <!-- createExtentReportForEachTestMethod -->
        <test-method signature="verifyLoginWithInvalidData()[pri:1, instance:com.ui.tests.LoginTests@1fa268de]" started-at="2024-12-22T15:40:40 IST" name="verifyLoginWithInvalidData" finished-at="2024-12-22T15:40:41 IST" duration-ms="699" status="PASS">
          <reporter-output>
          </reporter-output>
        </test-method> <!-- verifyLoginWithInvalidData -->
        <test-method is-config="true" signature="testMethodExecutionResult(org.testng.ITestResult)[pri:0, instance:com.ui.tests.LoginTests@1fa268de]" started-at="2024-12-22T15:40:41 IST" name="testMethodExecutionResult" finished-at="2024-12-22T15:40:41 IST" duration-ms="16" status="PASS">
          <params>
            <param index="0">
              <value>
                <![CDATA[[TestResult name=verifyLoginWithInvalidData status=SUCCESS method=LoginTests.verifyLoginWithInvalidData()[pri:1, instance:com.ui.tests.LoginTests@1fa268de] output={null}]]]>
              </value>
            </param>
          </params>
          <reporter-output>
          </reporter-output>
        </test-method> <!-- testMethodExecutionResult -->
        <test-method is-config="true" signature="createExtentReportForEachTestMethod(org.testng.ITestResult)[pri:0, instance:com.ui.tests.LoginTests@1fa268de]" started-at="2024-12-22T15:40:41 IST" name="createExtentReportForEachTestMethod" finished-at="2024-12-22T15:40:41 IST" duration-ms="1" status="PASS">
          <params>
            <param index="0">
              <value>
                <![CDATA[[TestResult name={null} status=CREATED method=LoginTests.verifyLoginWithValidData()[pri:2, instance:com.ui.tests.LoginTests@1fa268de] output={null}]]]>
              </value>
            </param>
          </params>
          <reporter-output>
          </reporter-output>
        </test-method> <!-- createExtentReportForEachTestMethod -->
        <test-method signature="verifyLoginWithValidData()[pri:2, instance:com.ui.tests.LoginTests@1fa268de]" started-at="2024-12-22T15:40:41 IST" name="verifyLoginWithValidData" finished-at="2024-12-22T15:40:44 IST" duration-ms="2904" status="PASS">
          <reporter-output>
          </reporter-output>
        </test-method> <!-- verifyLoginWithValidData -->
        <test-method is-config="true" signature="testMethodExecutionResult(org.testng.ITestResult)[pri:0, instance:com.ui.tests.LoginTests@1fa268de]" started-at="2024-12-22T15:40:44 IST" name="testMethodExecutionResult" finished-at="2024-12-22T15:40:44 IST" duration-ms="2" status="PASS">
          <params>
            <param index="0">
              <value>
                <![CDATA[[TestResult name=verifyLoginWithValidData status=SUCCESS method=LoginTests.verifyLoginWithValidData()[pri:2, instance:com.ui.tests.LoginTests@1fa268de] output={null}]]]>
              </value>
            </param>
          </params>
          <reporter-output>
          </reporter-output>
        </test-method> <!-- testMethodExecutionResult -->
        <test-method is-config="true" signature="tearDown()[pri:0, instance:com.ui.tests.LoginTests@1fa268de]" started-at="2024-12-22T15:40:44 IST" name="tearDown" finished-at="2024-12-22T15:40:45 IST" duration-ms="859" status="PASS">
          <reporter-output>
          </reporter-output>
        </test-method> <!-- tearDown -->
      </class> <!-- com.ui.tests.LoginTests -->
    </test> <!-- Test -->
  </suite> <!-- Suite -->
</testng-results>
