<?xml version="1.0" encoding="UTF-8"?>
<testsuite xmlns:xsi="http://www.w3.org/2001/XMLSchema-instance" xsi:noNamespaceSchemaLocation="https://maven.apache.org/surefire/maven-surefire-plugin/xsd/surefire-test-report.xsd" version="3.0.1" name="TestSuite" time="9.934" tests="2" errors="0" skipped="0" failures="0">
  <properties>
[...]
</properties>
  <testcase name="verifyLoginWithInvalidData" classname="com.ui.tests.LoginTests" time="0.699">
    <system-out><![CDATA[15:40:36 [main] INFO  com.ui.utilities.LoggerUtility Test execution started on 2024-12-22

15:40:39 [main] INFO  com.ui.utilities.LoggerUtility chrome launched successfully

15:40:40 [main] INFO  com.ui.utilities.LoggerUtility https://www.saucedemo.com/v1/ opened successfully

15:40:40 [main] INFO  com.ui.utilities.LoggerUtility Browser window maximized

15:40:40 [main] INFO  com.ui.utilities.LoggerUtility Test Suite Started: Test

15:40:40 [main] INFO  com.ui.utilities.LoggerUtility Test Started: verifyLoginWithInvalidData

Epic sadface: Username and password do not match any user in this service
]]></system-out>
    <system-err><![CDATA[SLF4J: Failed to load class "org.slf4j.impl.StaticLoggerBinder".
SLF4J: Defaulting to no-operation (NOP) logger implementation
SLF4J: See http://www.slf4j.org/codes.html#StaticLoggerBinder for further details.
]]></system-err>
  </testcase>
  <testcase name="verifyLoginWithValidData" classname="com.ui.tests.LoginTests" time="2.903">
    <system-out><![CDATA[15:40:41 [main] INFO  com.ui.utilities.LoggerUtility Test passed: verifyLoginWithInvalidData


15:40:41 [main] INFO  com.ui.utilities.LoggerUtility Test Started: verifyLoginWithValidData

]]></system-out>
  </testcase>
</testsuite>