<?xml version="1.0" encoding="UTF-8"?>
<testng-results ignored="0" total="8" passed="8" failed="0" skipped="0">
  <reporter-output>
  </reporter-output>
  <suite started-at="2024-12-30T22:52:54 IST" name="Suite" finished-at="2024-12-30T22:53:46 IST" duration-ms="52039">
    <groups>
      <group name="regression">
        <method signature="LoginTests.verifyLoginWithInvalidData()[pri:1, instance:com.ui.tests.LoginTests@75d4a5c2]" name="verifyLoginWithInvalidData" class="com.ui.tests.LoginTests"/>
        <method signature="LoginTests.verifyLoginWithMoreData(java.lang.String,java.lang.String)[pri:2, instance:com.ui.tests.LoginTests@75d4a5c2]" name="verifyLoginWithMoreData" class="com.ui.tests.LoginTests"/>
        <method signature="LoginTests.verifyLoginWithInvalidData()[pri:1, instance:com.ui.tests.LoginTests@fbd1f6]" name="verifyLoginWithInvalidData" class="com.ui.tests.LoginTests"/>
        <method signature="LoginTests.verifyLoginWithMoreData(java.lang.String,java.lang.String)[pri:2, instance:com.ui.tests.LoginTests@fbd1f6]" name="verifyLoginWithMoreData" class="com.ui.tests.LoginTests"/>
      </group> <!-- regression -->
      <group name="smoke">
        <method signature="LoginTests.verifyLoginWithMoreData(java.lang.String,java.lang.String)[pri:2, instance:com.ui.tests.LoginTests@75d4a5c2]" name="verifyLoginWithMoreData" class="com.ui.tests.LoginTests"/>
        <method signature="LoginTests.verifyLoginWithMoreData(java.lang.String,java.lang.String)[pri:2, instance:com.ui.tests.LoginTests@fbd1f6]" name="verifyLoginWithMoreData" class="com.ui.tests.LoginTests"/>
      </group> <!-- smoke -->
      <group name="sanity">
        <method signature="LoginTests.verifyLoginWithInvalidData()[pri:1, instance:com.ui.tests.LoginTests@75d4a5c2]" name="verifyLoginWithInvalidData" class="com.ui.tests.LoginTests"/>
        <method signature="LoginTests.verifyLoginWithInvalidData()[pri:1, instance:com.ui.tests.LoginTests@fbd1f6]" name="verifyLoginWithInvalidData" class="com.ui.tests.LoginTests"/>
      </group> <!-- sanity -->
    </groups>
    <test started-at="2024-12-30T22:52:54 IST" name="Test" finished-at="2024-12-30T22:53:19 IST" duration-ms="24640">
      <class name="com.ui.tests.LoginTests">
        <test-method is-config="true" signature="initializeDriver(java.lang.String)[pri:0, instance:com.ui.tests.LoginTests@75d4a5c2]" started-at="2024-12-30T22:52:55 IST" name="initializeDriver" finished-at="2024-12-30T22:53:00 IST" duration-ms="5260" status="PASS">
          <params>
            <param index="0">
              <value>
                <![CDATA[chrome]]>
              </value>
            </param>
          </params>
          <reporter-output>
          </reporter-output>
        </test-method> <!-- initializeDriver -->
        <test-method signature="verifyLoginWithInvalidData()[pri:1, instance:com.ui.tests.LoginTests@75d4a5c2]" started-at="2024-12-30T22:53:00 IST" name="verifyLoginWithInvalidData" finished-at="2024-12-30T22:53:01 IST" duration-ms="777" status="PASS">
          <reporter-output>
          </reporter-output>
        </test-method> <!-- verifyLoginWithInvalidData -->
        <test-method signature="verifyLoginWithMoreData(java.lang.String,java.lang.String)[pri:2, instance:com.ui.tests.LoginTests@75d4a5c2]" started-at="2024-12-30T22:53:01 IST" name="verifyLoginWithMoreData" data-provider="loginData" finished-at="2024-12-30T22:53:11 IST" duration-ms="9577" status="PASS">
          <params>
            <param index="0">
              <value>
                <![CDATA[standard_user]]>
              </value>
            </param>
            <param index="1">
              <value>
                <![CDATA[secret_sauce]]>
              </value>
            </param>
          </params>
          <reporter-output>
          </reporter-output>
        </test-method> <!-- verifyLoginWithMoreData -->
        <test-method signature="verifyLoginWithMoreData(java.lang.String,java.lang.String)[pri:2, instance:com.ui.tests.LoginTests@75d4a5c2]" started-at="2024-12-30T22:53:11 IST" name="verifyLoginWithMoreData" data-provider="loginData" finished-at="2024-12-30T22:53:13 IST" duration-ms="1776" status="PASS">
          <params>
            <param index="0">
              <value>
                <![CDATA[problem_user]]>
              </value>
            </param>
            <param index="1">
              <value>
                <![CDATA[secret_sauce]]>
              </value>
            </param>
          </params>
          <reporter-output>
          </reporter-output>
        </test-method> <!-- verifyLoginWithMoreData -->
        <test-method signature="verifyLoginWithMoreData(java.lang.String,java.lang.String)[pri:2, instance:com.ui.tests.LoginTests@75d4a5c2]" started-at="2024-12-30T22:53:13 IST" name="verifyLoginWithMoreData" data-provider="loginData" finished-at="2024-12-30T22:53:19 IST" duration-ms="5905" status="PASS">
          <params>
            <param index="0">
              <value>
                <![CDATA[performance_glitch_user]]>
              </value>
            </param>
            <param index="1">
              <value>
                <![CDATA[secret_sauce]]>
              </value>
            </param>
          </params>
          <reporter-output>
          </reporter-output>
        </test-method> <!-- verifyLoginWithMoreData -->
        <test-method is-config="true" signature="tearDown()[pri:0, instance:com.ui.tests.LoginTests@75d4a5c2]" started-at="2024-12-30T22:53:19 IST" name="tearDown" finished-at="2024-12-30T22:53:19 IST" duration-ms="277" status="PASS">
          <reporter-output>
          </reporter-output>
        </test-method> <!-- tearDown -->
      </class> <!-- com.ui.tests.LoginTests -->
    </test> <!-- Test -->
    <test started-at="2024-12-30T22:53:20 IST" name="Test1" finished-at="2024-12-30T22:53:46 IST" duration-ms="26107">
      <class name="com.ui.tests.LoginTests">
        <test-method is-config="true" signature="initializeDriver(java.lang.String)[pri:0, instance:com.ui.tests.LoginTests@fbd1f6]" started-at="2024-12-30T22:53:20 IST" name="initializeDriver" finished-at="2024-12-30T22:53:28 IST" duration-ms="7446" status="PASS">
          <params>
            <param index="0">
              <value>
                <![CDATA[edge]]>
              </value>
            </param>
          </params>
          <reporter-output>
          </reporter-output>
        </test-method> <!-- initializeDriver -->
        <test-method signature="verifyLoginWithInvalidData()[pri:1, instance:com.ui.tests.LoginTests@fbd1f6]" started-at="2024-12-30T22:53:28 IST" name="verifyLoginWithInvalidData" finished-at="2024-12-30T22:53:28 IST" duration-ms="727" status="PASS">
          <reporter-output>
          </reporter-output>
        </test-method> <!-- verifyLoginWithInvalidData -->
        <test-method signature="verifyLoginWithMoreData(java.lang.String,java.lang.String)[pri:2, instance:com.ui.tests.LoginTests@fbd1f6]" started-at="2024-12-30T22:53:28 IST" name="verifyLoginWithMoreData" data-provider="loginData" finished-at="2024-12-30T22:53:38 IST" duration-ms="10040" status="PASS">
          <params>
            <param index="0">
              <value>
                <![CDATA[standard_user]]>
              </value>
            </param>
            <param index="1">
              <value>
                <![CDATA[secret_sauce]]>
              </value>
            </param>
          </params>
          <reporter-output>
          </reporter-output>
        </test-method> <!-- verifyLoginWithMoreData -->
        <test-method signature="verifyLoginWithMoreData(java.lang.String,java.lang.String)[pri:2, instance:com.ui.tests.LoginTests@fbd1f6]" started-at="2024-12-30T22:53:38 IST" name="verifyLoginWithMoreData" data-provider="loginData" finished-at="2024-12-30T22:53:39 IST" duration-ms="627" status="PASS">
          <params>
            <param index="0">
              <value>
                <![CDATA[problem_user]]>
              </value>
            </param>
            <param index="1">
              <value>
                <![CDATA[secret_sauce]]>
              </value>
            </param>
          </params>
          <reporter-output>
          </reporter-output>
        </test-method> <!-- verifyLoginWithMoreData -->
        <test-method signature="verifyLoginWithMoreData(java.lang.String,java.lang.String)[pri:2, instance:com.ui.tests.LoginTests@fbd1f6]" started-at="2024-12-30T22:53:39 IST" name="verifyLoginWithMoreData" data-provider="loginData" finished-at="2024-12-30T22:53:45 IST" duration-ms="5851" status="PASS">
          <params>
            <param index="0">
              <value>
                <![CDATA[performance_glitch_user]]>
              </value>
            </param>
            <param index="1">
              <value>
                <![CDATA[secret_sauce]]>
              </value>
            </param>
          </params>
          <reporter-output>
          </reporter-output>
        </test-method> <!-- verifyLoginWithMoreData -->
        <test-method is-config="true" signature="tearDown()[pri:0, instance:com.ui.tests.LoginTests@fbd1f6]" started-at="2024-12-30T22:53:45 IST" name="tearDown" finished-at="2024-12-30T22:53:46 IST" duration-ms="1369" status="PASS">
          <reporter-output>
          </reporter-output>
        </test-method> <!-- tearDown -->
      </class> <!-- com.ui.tests.LoginTests -->
    </test> <!-- Test1 -->
  </suite> <!-- Suite -->
</testng-results>
