<?xml version="1.0" encoding="UTF-8"?>
<testng-results ignored="0" total="4" passed="4" failed="0" skipped="0">
  <reporter-output>
  </reporter-output>
  <suite started-at="2024-12-22T15:53:07 IST" name="Suite" finished-at="2024-12-22T15:53:17 IST" duration-ms="9874">
    <groups>
    </groups>
    <test started-at="2024-12-22T15:53:07 IST" name="Test" finished-at="2024-12-22T15:53:17 IST" duration-ms="9874">
      <class name="com.ui.tests.LoginTests">
        <test-method is-config="true" signature="initializeDriver()[pri:0, instance:com.ui.tests.LoginTests@6c6cb480]" started-at="2024-12-22T15:53:01 IST" name="initializeDriver" finished-at="2024-12-22T15:53:07 IST" duration-ms="5798" status="PASS">
          <reporter-output>
          </reporter-output>
        </test-method> <!-- initializeDriver -->
        <test-method is-config="true" signature="initializeDriverToPages()[pri:0, instance:com.ui.tests.LoginTests@6c6cb480]" started-at="2024-12-22T15:53:07 IST" name="initializeDriverToPages" finished-at="2024-12-22T15:53:07 IST" duration-ms="8" status="PASS">
          <reporter-output>
          </reporter-output>
        </test-method> <!-- initializeDriverToPages -->
        <test-method is-config="true" signature="createExtentReportForEachTestMethod(org.testng.ITestResult)[pri:0, instance:com.ui.tests.LoginTests@6c6cb480]" started-at="2024-12-22T15:53:07 IST" name="createExtentReportForEachTestMethod" finished-at="2024-12-22T15:53:07 IST" duration-ms="16" status="PASS">
          <params>
            <param index="0">
              <value>
                <![CDATA[[TestResult name={null} status=CREATED method=LoginTests.verifyLoginWithInvalidData(java.lang.String,java.lang.String)[pri:1, instance:com.ui.tests.LoginTests@6c6cb480] output={null}]]]>
              </value>
            </param>
          </params>
          <reporter-output>
          </reporter-output>
        </test-method> <!-- createExtentReportForEachTestMethod -->
        <test-method signature="verifyLoginWithInvalidData(java.lang.String,java.lang.String)[pri:1, instance:com.ui.tests.LoginTests@6c6cb480]" started-at="2024-12-22T15:53:07 IST" name="verifyLoginWithInvalidData" data-provider="loginData" finished-at="2024-12-22T15:53:09 IST" duration-ms="2344" status="PASS">
          <params>
            <param index="0">
              <value>
                <![CDATA[standard_user]]>
              </value>
            </param>
            <param index="1">
              <value>
                <![CDATA[secret_sauce]]>
              </value>
            </param>
          </params>
          <reporter-output>
          </reporter-output>
        </test-method> <!-- verifyLoginWithInvalidData -->
        <test-method is-config="true" signature="testMethodExecutionResult(org.testng.ITestResult)[pri:0, instance:com.ui.tests.LoginTests@6c6cb480]" started-at="2024-12-22T15:53:09 IST" name="testMethodExecutionResult" finished-at="2024-12-22T15:53:09 IST" duration-ms="20" status="PASS">
          <params>
            <param index="0">
              <value>
                <![CDATA[[TestResult name=verifyLoginWithInvalidData status=SUCCESS method=LoginTests.verifyLoginWithInvalidData(java.lang.String,java.lang.String)[pri:1, instance:com.ui.tests.LoginTests@6c6cb480] output={null}]]]>
              </value>
            </param>
          </params>
          <reporter-output>
          </reporter-output>
        </test-method> <!-- testMethodExecutionResult -->
        <test-method is-config="true" signature="createExtentReportForEachTestMethod(org.testng.ITestResult)[pri:0, instance:com.ui.tests.LoginTests@6c6cb480]" started-at="2024-12-22T15:53:09 IST" name="createExtentReportForEachTestMethod" finished-at="2024-12-22T15:53:09 IST" duration-ms="1" status="PASS">
          <params>
            <param index="0">
              <value>
                <![CDATA[[TestResult name={null} status=CREATED method=LoginTests.verifyLoginWithInvalidData(java.lang.String,java.lang.String)[pri:1, instance:com.ui.tests.LoginTests@6c6cb480] output={null}]]]>
              </value>
            </param>
          </params>
          <reporter-output>
          </reporter-output>
        </test-method> <!-- createExtentReportForEachTestMethod -->
        <test-method signature="verifyLoginWithInvalidData(java.lang.String,java.lang.String)[pri:1, instance:com.ui.tests.LoginTests@6c6cb480]" started-at="2024-12-22T15:53:09 IST" name="verifyLoginWithInvalidData" data-provider="loginData" finished-at="2024-12-22T15:53:10 IST" duration-ms="838" status="PASS">
          <params>
            <param index="0">
              <value>
                <![CDATA[problem_user]]>
              </value>
            </param>
            <param index="1">
              <value>
                <![CDATA[secret_sauce]]>
              </value>
            </param>
          </params>
          <reporter-output>
          </reporter-output>
        </test-method> <!-- verifyLoginWithInvalidData -->
        <test-method is-config="true" signature="testMethodExecutionResult(org.testng.ITestResult)[pri:0, instance:com.ui.tests.LoginTests@6c6cb480]" started-at="2024-12-22T15:53:10 IST" name="testMethodExecutionResult" finished-at="2024-12-22T15:53:10 IST" duration-ms="2" status="PASS">
          <params>
            <param index="0">
              <value>
                <![CDATA[[TestResult name=verifyLoginWithInvalidData status=SUCCESS method=LoginTests.verifyLoginWithInvalidData(java.lang.String,java.lang.String)[pri:1, instance:com.ui.tests.LoginTests@6c6cb480] output={null}]]]>
              </value>
            </param>
          </params>
          <reporter-output>
          </reporter-output>
        </test-method> <!-- testMethodExecutionResult -->
        <test-method is-config="true" signature="createExtentReportForEachTestMethod(org.testng.ITestResult)[pri:0, instance:com.ui.tests.LoginTests@6c6cb480]" started-at="2024-12-22T15:53:10 IST" name="createExtentReportForEachTestMethod" finished-at="2024-12-22T15:53:10 IST" duration-ms="2" status="PASS">
          <params>
            <param index="0">
              <value>
                <![CDATA[[TestResult name={null} status=CREATED method=LoginTests.verifyLoginWithInvalidData(java.lang.String,java.lang.String)[pri:1, instance:com.ui.tests.LoginTests@6c6cb480] output={null}]]]>
              </value>
            </param>
          </params>
          <reporter-output>
          </reporter-output>
        </test-method> <!-- createExtentReportForEachTestMethod -->
        <test-method signature="verifyLoginWithInvalidData(java.lang.String,java.lang.String)[pri:1, instance:com.ui.tests.LoginTests@6c6cb480]" started-at="2024-12-22T15:53:10 IST" name="verifyLoginWithInvalidData" data-provider="loginData" finished-at="2024-12-22T15:53:16 IST" duration-ms="5703" status="PASS">
          <params>
            <param index="0">
              <value>
                <![CDATA[performance_glitch_user]]>
              </value>
            </param>
            <param index="1">
              <value>
                <![CDATA[secret_sauce]]>
              </value>
            </param>
          </params>
          <reporter-output>
          </reporter-output>
        </test-method> <!-- verifyLoginWithInvalidData -->
        <test-method is-config="true" signature="testMethodExecutionResult(org.testng.ITestResult)[pri:0, instance:com.ui.tests.LoginTests@6c6cb480]" started-at="2024-12-22T15:53:16 IST" name="testMethodExecutionResult" finished-at="2024-12-22T15:53:16 IST" duration-ms="1" status="PASS">
          <params>
            <param index="0">
              <value>
                <![CDATA[[TestResult name=verifyLoginWithInvalidData status=SUCCESS method=LoginTests.verifyLoginWithInvalidData(java.lang.String,java.lang.String)[pri:1, instance:com.ui.tests.LoginTests@6c6cb480] output={null}]]]>
              </value>
            </param>
          </params>
          <reporter-output>
          </reporter-output>
        </test-method> <!-- testMethodExecutionResult -->
        <test-method is-config="true" signature="createExtentReportForEachTestMethod(org.testng.ITestResult)[pri:0, instance:com.ui.tests.LoginTests@6c6cb480]" started-at="2024-12-22T15:53:16 IST" name="createExtentReportForEachTestMethod" finished-at="2024-12-22T15:53:16 IST" duration-ms="2" status="PASS">
          <params>
            <param index="0">
              <value>
                <![CDATA[[TestResult name={null} status=CREATED method=LoginTests.verifyLoginWithValidData()[pri:2, instance:com.ui.tests.LoginTests@6c6cb480] output={null}]]]>
              </value>
            </param>
          </params>
          <reporter-output>
          </reporter-output>
        </test-method> <!-- createExtentReportForEachTestMethod -->
        <test-method signature="verifyLoginWithValidData()[pri:2, instance:com.ui.tests.LoginTests@6c6cb480]" started-at="2024-12-22T15:53:16 IST" name="verifyLoginWithValidData" finished-at="2024-12-22T15:53:17 IST" duration-ms="822" status="PASS">
          <reporter-output>
          </reporter-output>
        </test-method> <!-- verifyLoginWithValidData -->
        <test-method is-config="true" signature="testMethodExecutionResult(org.testng.ITestResult)[pri:0, instance:com.ui.tests.LoginTests@6c6cb480]" started-at="2024-12-22T15:53:17 IST" name="testMethodExecutionResult" finished-at="2024-12-22T15:53:17 IST" duration-ms="1" status="PASS">
          <params>
            <param index="0">
              <value>
                <![CDATA[[TestResult name=verifyLoginWithValidData status=SUCCESS method=LoginTests.verifyLoginWithValidData()[pri:2, instance:com.ui.tests.LoginTests@6c6cb480] output={null}]]]>
              </value>
            </param>
          </params>
          <reporter-output>
          </reporter-output>
        </test-method> <!-- testMethodExecutionResult -->
        <test-method is-config="true" signature="tearDown()[pri:0, instance:com.ui.tests.LoginTests@6c6cb480]" started-at="2024-12-22T15:53:17 IST" name="tearDown" finished-at="2024-12-22T15:53:18 IST" duration-ms="810" status="PASS">
          <reporter-output>
          </reporter-output>
        </test-method> <!-- tearDown -->
      </class> <!-- com.ui.tests.LoginTests -->
    </test> <!-- Test -->
  </suite> <!-- Suite -->
</testng-results>
